D:\VS2019\MSBuild\Microsoft\VC\v160\Microsoft.CppBuild.targets(498,5): warning MSB8004: Intermediate Directory does not end with a trailing slash.  This build instance will add the slash as it is required to allow proper evaluation of the Intermediate Directory.
D:\VS2019\MSBuild\Microsoft\VC\v160\Microsoft.CppBuild.targets(499,5): warning MSB8004: Output Directory does not end with a trailing slash.  This build instance will add the slash as it is required to allow proper evaluation of the Output Directory.
  imgui_impl_opengl3.cpp
  imgui_impl_sdl.cpp
  GUI.cpp
  imgui.cpp
  imgui_demo.cpp
  imgui_draw.cpp
  imgui_tables.cpp
  imgui_widgets.cpp
  Platform.cpp
  Chip8.cpp
C:\Users\Arajin\Desktop\Coding\Cpp\NewChip8\Chip8\Chip8\src\Chip8.cpp(7,67): warning C4244: 'argument': conversion from '_Rep' to 'unsigned int', possible loss of data
          with
          [
              _Rep=std::chrono::system_clock::rep
          ]
C:\Users\Arajin\Desktop\Coding\Cpp\NewChip8\Chip8\Chip8\src\Chip8.cpp(72,27): warning C4244: 'initializing': conversion from 'std::streamoff' to 'unsigned int', possible loss of data
  Main.cpp
  Generating code
  Previous IPDB not found, fall back to full compilation.
  All 1278 functions were compiled because no usable IPDB/IOBJ from previous compilation was found.
  Finished generating code
  Chip8.vcxproj -> C:\Users\Arajin\Desktop\Coding\Cpp\NewChip8\Chip8\bin\Win32\Release\Chip8.exe
